Using pre-set license
Built from '2020.3/staging' branch; Version is '2020.3.16f1 (049d6eca3c44) revision 302446'; Using compiler version '192528614'; Build Type 'Release'
OS: 'Windows 10 Home; OS build 19043.1237; Version 2009; 64bit' Language: 'en' Physical Memory: 16295 MB
BatchMode: 1, IsHumanControllingUs: 0, StartBugReporterOnCrash: 0, Is64bit: 1, IsPro: 0

 COMMAND LINE ARGUMENTS:
C:\Program Files\Unity\Hub\Editor\2019.4.18f1\Editor\Unity.exe
-adb2
-batchMode
-noUpm
-name
AssetImportWorker0
-projectPath
D:/GitHub/Tutorial1.5/Tutorial1.5
-logFile
Logs/AssetImportWorker0.log
-srvPort
51593
Successfully changed project path to: D:/GitHub/Tutorial1.5/Tutorial1.5
D:/GitHub/Tutorial1.5/Tutorial1.5
Using Asset Import Pipeline V2.
Refreshing native plugins compatible for Editor in 35.92 ms, found 3 plugins.
Preloading 0 native plugins for Editor in 0.00 ms.
Initialize engine version: 2020.3.16f1 (049d6eca3c44)
[Subsystems] Discovering subsystems at path C:/Program Files/Unity/Hub/Editor/2019.4.18f1/Editor/Data/Resources/UnitySubsystems
[Subsystems] Discovering subsystems at path D:/GitHub/Tutorial1.5/Tutorial1.5/Assets
GfxDevice: creating device client; threaded=0
Direct3D:
    Version:  Direct3D 11.0 [level 11.1]
    Renderer: AMD Radeon RX 5700 (ID=0x731f)
    Vendor:   
    VRAM:     8151 MB
    Driver:   30.0.13017.1004
Initialize mono
Mono path[0] = 'C:/Program Files/Unity/Hub/Editor/2019.4.18f1/Editor/Data/Managed'
Mono path[1] = 'C:/Program Files/Unity/Hub/Editor/2019.4.18f1/Editor/Data/MonoBleedingEdge/lib/mono/unityjit'
Mono config path = 'C:/Program Files/Unity/Hub/Editor/2019.4.18f1/Editor/Data/MonoBleedingEdge/etc'
Using monoOptions --debugger-agent=transport=dt_socket,embedding=1,server=y,suspend=n,address=127.0.0.1:56072
Begin MonoManager ReloadAssembly
Registering precompiled unity dll's ...
Register platform support module: C:/Program Files/Unity/Hub/Editor/2019.4.18f1/Editor/Data/PlaybackEngines/WindowsStandaloneSupport/UnityEditor.WindowsStandalone.Extensions.dll
Registered in 0.001762 seconds.
Native extension for WindowsStandalone target not found
Refreshing native plugins compatible for Editor in 35.46 ms, found 3 plugins.
Preloading 0 native plugins for Editor in 0.00 ms.
Mono: successfully reloaded assembly
- Completed reload, in  0.847 seconds
Domain Reload Profiling:
	ReloadAssembly (848ms)
		BeginReloadAssembly (44ms)
			ExecutionOrderSort (0ms)
			DisableScriptedObjects (0ms)
			BackupInstance (0ms)
			ReleaseScriptingObjects (0ms)
			CreateAndSetChildDomain (1ms)
		EndReloadAssembly (336ms)
			LoadAssemblies (42ms)
			RebuildTransferFunctionScriptingTraits (0ms)
			SetupTypeCache (120ms)
			ReleaseScriptCaches (0ms)
			RebuildScriptCaches (25ms)
			SetupLoadedEditorAssemblies (135ms)
				LogAssemblyErrors (0ms)
				InitializePlatformSupportModulesInManaged (3ms)
				SetLoadedEditorAssemblies (0ms)
				RefreshPlugins (36ms)
				BeforeProcessingInitializeOnLoad (11ms)
				ProcessInitializeOnLoadAttributes (63ms)
				ProcessInitializeOnLoadMethodAttributes (21ms)
				AfterProcessingInitializeOnLoad (0ms)
				EditorAssembliesLoaded (0ms)
			ExecutionOrderSort2 (0ms)
			AwakeInstancesAfterBackupRestoration (0ms)
Platform modules already initialized, skipping
Registering precompiled user dll's ...
Registered in 0.003120 seconds.
Begin MonoManager ReloadAssembly
Native extension for WindowsStandalone target not found
Refreshing native plugins compatible for Editor in 35.32 ms, found 3 plugins.
Preloading 0 native plugins for Editor in 0.00 ms.
Mono: successfully reloaded assembly
- Completed reload, in  1.021 seconds
Domain Reload Profiling:
	ReloadAssembly (1021ms)
		BeginReloadAssembly (125ms)
			ExecutionOrderSort (0ms)
			DisableScriptedObjects (4ms)
			BackupInstance (0ms)
			ReleaseScriptingObjects (0ms)
			CreateAndSetChildDomain (18ms)
		EndReloadAssembly (843ms)
			LoadAssemblies (76ms)
			RebuildTransferFunctionScriptingTraits (0ms)
			SetupTypeCache (273ms)
			ReleaseScriptCaches (1ms)
			RebuildScriptCaches (39ms)
			SetupLoadedEditorAssemblies (351ms)
				LogAssemblyErrors (0ms)
				InitializePlatformSupportModulesInManaged (3ms)
				SetLoadedEditorAssemblies (0ms)
				RefreshPlugins (35ms)
				BeforeProcessingInitializeOnLoad (62ms)
				ProcessInitializeOnLoadAttributes (234ms)
				ProcessInitializeOnLoadMethodAttributes (10ms)
				AfterProcessingInitializeOnLoad (6ms)
				EditorAssembliesLoaded (0ms)
			ExecutionOrderSort2 (0ms)
			AwakeInstancesAfterBackupRestoration (5ms)
Platform modules already initialized, skipping
========================================================================
Worker process is ready to serve import requests
Launched and connected shader compiler UnityShaderCompiler.exe after 0.05 seconds
Refreshing native plugins compatible for Editor in 0.52 ms, found 3 plugins.
Preloading 0 native plugins for Editor in 0.00 ms.
Unloading 2092 Unused Serialized files (Serialized files now loaded: 0)
System memory in use before: 93.1 MB.
System memory in use after: 93.2 MB.

Unloading 28 unused Assets to reduce memory usage. Loaded Objects now: 2529.
Total: 3.079300 ms (FindLiveObjects: 0.234600 ms CreateObjectMapping: 0.057500 ms MarkObjects: 2.700000 ms  DeleteObjects: 0.086100 ms)

AssetImportParameters requested are different than current active one (requested -> active):
  custom:framework-win-MediaFoundation: 216162199b28c13a410421893ffa2e32 -> 
  custom:video-decoder-ogg-theora: a1e56fd34408186e4bbccfd4996cb3dc -> 
  custom:container-muxer-webm: aa71ff27fc2769a1b78a27578f13a17b -> 
  custom:container-demuxer-webm: 4f35f7cbe854078d1ac9338744f61a02 -> 
  custom:container-demuxer-ogg: 62fdf1f143b41e24485cea50d1cbac27 -> 
  custom:video-encoder-webm-vp8: eb34c28f22e8b96e1ab97ce403110664 -> 
  custom:video-decoder-webm-vp8: 9c59270c3fd7afecdb556c50c9e8de78 -> 
  custom:audio-decoder-ogg-vorbis: bf7c407c2cedff20999df2af8eb42d56 -> 
  custom:audio-encoder-webm-vorbis: bf7c407c2cedff20999df2af8eb42d56 -> 
========================================================================
Received Import Request.
  path: Assets/Animation
  artifactKey: Guid(03d93d610a96ea048a0693947f555e23) Importer(815301076,1909f56bfc062723c751e8b465ee728b)
Start importing Assets/Animation using Guid(03d93d610a96ea048a0693947f555e23) Importer(815301076,1909f56bfc062723c751e8b465ee728b)  -> (artifact id: 'd8662365cb07050b35b33a42f186ffc0') in 0.009195 seconds 
  Import took 0.012166 seconds .

========================================================================
Received Import Request.
  Time since last request: 21.445663 seconds.
  path: Assets/Animation/Dead (1).png
  artifactKey: Guid(b46e8194511177a4cabd5b37f0c779c9) Importer(815301076,1909f56bfc062723c751e8b465ee728b)
Start importing Assets/Animation/Dead (1).png using Guid(b46e8194511177a4cabd5b37f0c779c9) Importer(815301076,1909f56bfc062723c751e8b465ee728b)  -> (artifact id: '8ca034f25a0a8f7743aa249b66a75c61') in 0.103411 seconds 
  Import took 0.106803 seconds .

========================================================================
Received Import Request.
  Time since last request: 0.000190 seconds.
  path: Assets/Animation/Run (3).png
  artifactKey: Guid(43110479a0f59994c8489713155fdfea) Importer(815301076,1909f56bfc062723c751e8b465ee728b)
Start importing Assets/Animation/Run (3).png using Guid(43110479a0f59994c8489713155fdfea) Importer(815301076,1909f56bfc062723c751e8b465ee728b)  -> (artifact id: '29763a9d82e282436f0143df5c4990ab') in 0.014469 seconds 
  Import took 0.017172 seconds .

========================================================================
Received Import Request.
  Time since last request: 0.000179 seconds.
  path: Assets/Animation/Slide (3).png
  artifactKey: Guid(863b51f128f01a843afff8b399ee8516) Importer(815301076,1909f56bfc062723c751e8b465ee728b)
Start importing Assets/Animation/Slide (3).png using Guid(863b51f128f01a843afff8b399ee8516) Importer(815301076,1909f56bfc062723c751e8b465ee728b)  -> (artifact id: 'cb2ba2f9e86f67e64f4e76aa53388966') in 0.012598 seconds 
  Import took 0.015270 seconds .

========================================================================
Received Import Request.
  Time since last request: 0.000165 seconds.
  path: Assets/Animation/Walk (9).png
  artifactKey: Guid(544fcf49846a6a349aaef747eb4c4e15) Importer(815301076,1909f56bfc062723c751e8b465ee728b)
Start importing Assets/Animation/Walk (9).png using Guid(544fcf49846a6a349aaef747eb4c4e15) Importer(815301076,1909f56bfc062723c751e8b465ee728b)  -> (artifact id: 'b42e865da006712d9ad7e9b3ca099d8b') in 0.013592 seconds 
  Import took 0.016293 seconds .

========================================================================
Received Import Request.
  Time since last request: 0.000185 seconds.
  path: Assets/Animation/Slide (8).png
  artifactKey: Guid(3ab7eca34113bf742bd505866c48ab9c) Importer(815301076,1909f56bfc062723c751e8b465ee728b)
Start importing Assets/Animation/Slide (8).png using Guid(3ab7eca34113bf742bd505866c48ab9c) Importer(815301076,1909f56bfc062723c751e8b465ee728b)  -> (artifact id: 'ded2ce46ddb420e56d935e81f0291fa7') in 0.016512 seconds 
  Import took 0.019277 seconds .

========================================================================
Received Import Request.
  Time since last request: 0.000158 seconds.
  path: Assets/Animation/Dead (7).png
  artifactKey: Guid(fff33b8c53785b44e902188a0322acc7) Importer(815301076,1909f56bfc062723c751e8b465ee728b)
Start importing Assets/Animation/Dead (7).png using Guid(fff33b8c53785b44e902188a0322acc7) Importer(815301076,1909f56bfc062723c751e8b465ee728b)  -> (artifact id: '2c7c6d1fba03d90a2a1e5cc9aad38d90') in 0.012615 seconds 
  Import took 0.015387 seconds .

========================================================================
Received Import Request.
  Time since last request: 0.000156 seconds.
  path: Assets/Animation/Walk (5).png
  artifactKey: Guid(fb68f00519da5d34da10e71e0461b078) Importer(815301076,1909f56bfc062723c751e8b465ee728b)
Start importing Assets/Animation/Walk (5).png using Guid(fb68f00519da5d34da10e71e0461b078) Importer(815301076,1909f56bfc062723c751e8b465ee728b)  -> (artifact id: '0ab5140e5fa9d24c919ba8dca449b249') in 0.012783 seconds 
  Import took 0.015522 seconds .

========================================================================
Received Import Request.
  Time since last request: 0.000150 seconds.
  path: Assets/Animation/Hurt (9).png
  artifactKey: Guid(3002c54e09b15b240b9442a0982a1b7f) Importer(815301076,1909f56bfc062723c751e8b465ee728b)
Start importing Assets/Animation/Hurt (9).png using Guid(3002c54e09b15b240b9442a0982a1b7f) Importer(815301076,1909f56bfc062723c751e8b465ee728b)  -> (artifact id: 'f45ec7fce193af1114b9c9f2b4bc80f8') in 0.013175 seconds 
  Import took 0.015888 seconds .

========================================================================
Received Import Request.
  Time since last request: 0.000165 seconds.
  path: Assets/Animation/Hurt (2).png
  artifactKey: Guid(73e988d4ad964b24c91817a432837e8d) Importer(815301076,1909f56bfc062723c751e8b465ee728b)
Start importing Assets/Animation/Hurt (2).png using Guid(73e988d4ad964b24c91817a432837e8d) Importer(815301076,1909f56bfc062723c751e8b465ee728b)  -> (artifact id: '0f95e22d60341585c0ef3bc85f1eb92f') in 0.010997 seconds 
  Import took 0.013665 seconds .

========================================================================
Received Import Request.
  Time since last request: 0.000191 seconds.
  path: Assets/Animation/Slide (9).png
  artifactKey: Guid(1b9a3a8993d405b4bbbf262f2a976b40) Importer(815301076,1909f56bfc062723c751e8b465ee728b)
Start importing Assets/Animation/Slide (9).png using Guid(1b9a3a8993d405b4bbbf262f2a976b40) Importer(815301076,1909f56bfc062723c751e8b465ee728b)  -> (artifact id: 'c6c41da500e8247301c79883efddc866') in 0.011751 seconds 
  Import took 0.014503 seconds .

========================================================================
Received Import Request.
  Time since last request: 0.000185 seconds.
  path: Assets/Animation/Jump (1).png
  artifactKey: Guid(d866c15136907c2488e2fb465fa01510) Importer(815301076,1909f56bfc062723c751e8b465ee728b)
Start importing Assets/Animation/Jump (1).png using Guid(d866c15136907c2488e2fb465fa01510) Importer(815301076,1909f56bfc062723c751e8b465ee728b)  -> (artifact id: '7a222dcbb5854cb89499716b513b7db3') in 0.010973 seconds 
  Import took 0.013752 seconds .

========================================================================
Received Import Request.
  Time since last request: 0.000190 seconds.
  path: Assets/Animation/Jump (7).png
  artifactKey: Guid(2649b6c8ddea8894aa94a4a6a6a6bb86) Importer(815301076,1909f56bfc062723c751e8b465ee728b)
Start importing Assets/Animation/Jump (7).png using Guid(2649b6c8ddea8894aa94a4a6a6a6bb86) Importer(815301076,1909f56bfc062723c751e8b465ee728b)  -> (artifact id: '36def891393f7833257ebe74f129178d') in 0.011416 seconds 
  Import took 0.014200 seconds .

========================================================================
Received Import Request.
  Time since last request: 0.000165 seconds.
  path: Assets/Animation/Idle (10).png
  artifactKey: Guid(146c248bf61278740b1438789d062cfb) Importer(815301076,1909f56bfc062723c751e8b465ee728b)
Start importing Assets/Animation/Idle (10).png using Guid(146c248bf61278740b1438789d062cfb) Importer(815301076,1909f56bfc062723c751e8b465ee728b)  -> (artifact id: '09e10010aa00ef0530d1c00762f9444a') in 0.011569 seconds 
  Import took 0.014283 seconds .

========================================================================
Received Import Request.
  Time since last request: 0.000187 seconds.
  path: Assets/Animation/Jump (4).png
  artifactKey: Guid(578f2eaf44b537f4dbd84a7d299e0ae0) Importer(815301076,1909f56bfc062723c751e8b465ee728b)
Start importing Assets/Animation/Jump (4).png using Guid(578f2eaf44b537f4dbd84a7d299e0ae0) Importer(815301076,1909f56bfc062723c751e8b465ee728b)  -> (artifact id: '9bf583bb814b05f931edd9916f2d5b3f') in 0.012520 seconds 
  Import took 0.015385 seconds .

========================================================================
Received Import Request.
  Time since last request: 0.000178 seconds.
  path: Assets/Animation/Dead (6).png
  artifactKey: Guid(e85841b3aaa0efd41b08890313e5302e) Importer(815301076,1909f56bfc062723c751e8b465ee728b)
Start importing Assets/Animation/Dead (6).png using Guid(e85841b3aaa0efd41b08890313e5302e) Importer(815301076,1909f56bfc062723c751e8b465ee728b)  -> (artifact id: '6b9e5b37889aa68efb23e90697e6f2c8') in 0.012847 seconds 
  Import took 0.015631 seconds .

========================================================================
Received Import Request.
  Time since last request: 0.000178 seconds.
  path: Assets/Animation/Idle (9).png
  artifactKey: Guid(4f62c8716e667e44c92be5ed128b643c) Importer(815301076,1909f56bfc062723c751e8b465ee728b)
Start importing Assets/Animation/Idle (9).png using Guid(4f62c8716e667e44c92be5ed128b643c) Importer(815301076,1909f56bfc062723c751e8b465ee728b)  -> (artifact id: '37a52296e6bd0ef7327983340f522890') in 0.012403 seconds 
  Import took 0.015397 seconds .

========================================================================
Received Import Request.
  Time since last request: 0.000170 seconds.
  path: Assets/Animation/Slide (7).png
  artifactKey: Guid(0d3fc9fed3a53244e9feaa99272684f2) Importer(815301076,1909f56bfc062723c751e8b465ee728b)
Start importing Assets/Animation/Slide (7).png using Guid(0d3fc9fed3a53244e9feaa99272684f2) Importer(815301076,1909f56bfc062723c751e8b465ee728b)  -> (artifact id: 'ea583579562d70eb7473ecd386f17bb2') in 0.011209 seconds 
  Import took 0.014326 seconds .

========================================================================
Received Import Request.
  Time since last request: 0.000172 seconds.
  path: Assets/Animation/Hurt (8).png
  artifactKey: Guid(667986d2c2bde994bbee14e084d0b88a) Importer(815301076,1909f56bfc062723c751e8b465ee728b)
Start importing Assets/Animation/Hurt (8).png using Guid(667986d2c2bde994bbee14e084d0b88a) Importer(815301076,1909f56bfc062723c751e8b465ee728b)  -> (artifact id: '1f9de3257f1bd731bec8ca20c17c2e66') in 0.011360 seconds 
  Import took 0.014202 seconds .

========================================================================
Received Import Request.
  Time since last request: 0.000161 seconds.
  path: Assets/Animation/Fall (3).png
  artifactKey: Guid(1e59c49d5ac8454499f2a3394439b8a6) Importer(815301076,1909f56bfc062723c751e8b465ee728b)
Start importing Assets/Animation/Fall (3).png using Guid(1e59c49d5ac8454499f2a3394439b8a6) Importer(815301076,1909f56bfc062723c751e8b465ee728b)  -> (artifact id: '6f10100129d3b755e33cbbeb92731af6') in 0.011128 seconds 
  Import took 0.013903 seconds .

========================================================================
Received Import Request.
  Time since last request: 0.000162 seconds.
  path: Assets/Animation/Jump (2).png
  artifactKey: Guid(434f6a5f56c7fc146b556ed2b4e0143b) Importer(815301076,1909f56bfc062723c751e8b465ee728b)
Start importing Assets/Animation/Jump (2).png using Guid(434f6a5f56c7fc146b556ed2b4e0143b) Importer(815301076,1909f56bfc062723c751e8b465ee728b)  -> (artifact id: '025f9471618341ae37d6b77eb3049c9d') in 0.011165 seconds 
  Import took 0.013893 seconds .

========================================================================
Received Import Request.
  Time since last request: 0.000206 seconds.
  path: Assets/Animation/Slide (2).png
  artifactKey: Guid(4e0cc15a65fab4d4bb2ab72e24ce78c2) Importer(815301076,1909f56bfc062723c751e8b465ee728b)
Start importing Assets/Animation/Slide (2).png using Guid(4e0cc15a65fab4d4bb2ab72e24ce78c2) Importer(815301076,1909f56bfc062723c751e8b465ee728b)  -> (artifact id: '307ed505b8dbfb334d5ee2f5992191ba') in 0.011273 seconds 
  Import took 0.014119 seconds .

========================================================================
Received Import Request.
  Time since last request: 0.000184 seconds.
  path: Assets/Animation/Dead (4).png
  artifactKey: Guid(923184fe70418ad4485024427c68e102) Importer(815301076,1909f56bfc062723c751e8b465ee728b)
Start importing Assets/Animation/Dead (4).png using Guid(923184fe70418ad4485024427c68e102) Importer(815301076,1909f56bfc062723c751e8b465ee728b)  -> (artifact id: '9c395e2b821bdebf4d882031ef7a981c') in 0.011141 seconds 
  Import took 0.013866 seconds .

========================================================================
Received Import Request.
  Time since last request: 0.000184 seconds.
  path: Assets/Animation/Walk (8).png
  artifactKey: Guid(e03efb98774d6de42852e88f4aeec5ca) Importer(815301076,1909f56bfc062723c751e8b465ee728b)
Start importing Assets/Animation/Walk (8).png using Guid(e03efb98774d6de42852e88f4aeec5ca) Importer(815301076,1909f56bfc062723c751e8b465ee728b)  -> (artifact id: 'cce562a94bcee0c273dcfba18bc43143') in 0.012253 seconds 
  Import took 0.014997 seconds .

========================================================================
Received Import Request.
  Time since last request: 0.000173 seconds.
  path: Assets/Animation/Idle (8).png
  artifactKey: Guid(a4b5cd6be73edba4186990b72a4bbd94) Importer(815301076,1909f56bfc062723c751e8b465ee728b)
Start importing Assets/Animation/Idle (8).png using Guid(a4b5cd6be73edba4186990b72a4bbd94) Importer(815301076,1909f56bfc062723c751e8b465ee728b)  -> (artifact id: 'd4841295783dbadf4c22d71fbe8b5b71') in 0.011636 seconds 
  Import took 0.014406 seconds .

========================================================================
Received Import Request.
  Time since last request: 0.000182 seconds.
  path: Assets/Animation/Idle (6).png
  artifactKey: Guid(630c567a3b53a99489335356e9110dce) Importer(815301076,1909f56bfc062723c751e8b465ee728b)
Start importing Assets/Animation/Idle (6).png using Guid(630c567a3b53a99489335356e9110dce) Importer(815301076,1909f56bfc062723c751e8b465ee728b)  -> (artifact id: 'b574b9e86af9538a897ef46fe8cc73a7') in 0.109583 seconds 
  Import took 0.112606 seconds .

========================================================================
Received Import Request.
  Time since last request: 0.000208 seconds.
  path: Assets/Animation/Walk (2).png
  artifactKey: Guid(6d28279f80e86b7419d6d108659b0cec) Importer(815301076,1909f56bfc062723c751e8b465ee728b)
Start importing Assets/Animation/Walk (2).png using Guid(6d28279f80e86b7419d6d108659b0cec) Importer(815301076,1909f56bfc062723c751e8b465ee728b)  -> (artifact id: '695fd29685fa4c96f584d3db285f55c4') in 0.012218 seconds 
  Import took 0.015237 seconds .

========================================================================
Received Import Request.
  Time since last request: 0.000173 seconds.
  path: Assets/Animation/Jump (3).png
  artifactKey: Guid(f2944fd2fa75c144398380b9ca85bab4) Importer(815301076,1909f56bfc062723c751e8b465ee728b)
Start importing Assets/Animation/Jump (3).png using Guid(f2944fd2fa75c144398380b9ca85bab4) Importer(815301076,1909f56bfc062723c751e8b465ee728b)  -> (artifact id: '4b28fc4e6e14d5b4f78f03233bfadd15') in 0.011771 seconds 
  Import took 0.014611 seconds .

========================================================================
Received Import Request.
  Time since last request: 0.000164 seconds.
  path: Assets/Animation/Hurt (5).png
  artifactKey: Guid(cc75a4dfdcc55c44ab7f378f9d66ae1d) Importer(815301076,1909f56bfc062723c751e8b465ee728b)
Start importing Assets/Animation/Hurt (5).png using Guid(cc75a4dfdcc55c44ab7f378f9d66ae1d) Importer(815301076,1909f56bfc062723c751e8b465ee728b)  -> (artifact id: '30b8b1bfd5de8e2e9cf8c245316a37f5') in 0.011675 seconds 
  Import took 0.014381 seconds .

========================================================================
Received Import Request.
  Time since last request: 0.000158 seconds.
  path: Assets/Animation/Hurt (1).png
  artifactKey: Guid(834a59bf68db70541a99f6ab842006f1) Importer(815301076,1909f56bfc062723c751e8b465ee728b)
Start importing Assets/Animation/Hurt (1).png using Guid(834a59bf68db70541a99f6ab842006f1) Importer(815301076,1909f56bfc062723c751e8b465ee728b)  -> (artifact id: '94faead238d4ab2c7b29afc3f0480e1a') in 0.010976 seconds 
  Import took 0.013771 seconds .

========================================================================
Received Import Request.
  Time since last request: 0.000158 seconds.
  path: Assets/Animation/Fall (8).png
  artifactKey: Guid(bf9433b6b1786c24aae3821ada453392) Importer(815301076,1909f56bfc062723c751e8b465ee728b)
Start importing Assets/Animation/Fall (8).png using Guid(bf9433b6b1786c24aae3821ada453392) Importer(815301076,1909f56bfc062723c751e8b465ee728b)  -> (artifact id: '1c8667b7371496a799684409e792bbc8') in 0.012090 seconds 
  Import took 0.014826 seconds .

========================================================================
Received Import Request.
  Time since last request: 0.000162 seconds.
  path: Assets/Animation/Run (4).png
  artifactKey: Guid(70c1c3c334ac59a4db3b8378a9f9a6c2) Importer(815301076,1909f56bfc062723c751e8b465ee728b)
Start importing Assets/Animation/Run (4).png using Guid(70c1c3c334ac59a4db3b8378a9f9a6c2) Importer(815301076,1909f56bfc062723c751e8b465ee728b)  -> (artifact id: 'bf44d7f764b2249e2d797718e854e988') in 0.011630 seconds 
  Import took 0.014408 seconds .

========================================================================
Received Import Request.
  Time since last request: 0.000152 seconds.
  path: Assets/Animation/Walk (7).png
  artifactKey: Guid(2f6eca5031d01f84e8744614c4d2bbb3) Importer(815301076,1909f56bfc062723c751e8b465ee728b)
Start importing Assets/Animation/Walk (7).png using Guid(2f6eca5031d01f84e8744614c4d2bbb3) Importer(815301076,1909f56bfc062723c751e8b465ee728b)  -> (artifact id: '67a28b776f424a1db47d62dd0e81187f') in 0.011702 seconds 
  Import took 0.014501 seconds .

========================================================================
Received Import Request.
  Time since last request: 0.000201 seconds.
  path: Assets/Animation/Jump (6).png
  artifactKey: Guid(fa680952f5271c648b2800e7d10ba751) Importer(815301076,1909f56bfc062723c751e8b465ee728b)
Start importing Assets/Animation/Jump (6).png using Guid(fa680952f5271c648b2800e7d10ba751) Importer(815301076,1909f56bfc062723c751e8b465ee728b)  -> (artifact id: '429e5460748bdcd9d17e0f2929eb5328') in 0.010700 seconds 
  Import took 0.013482 seconds .

========================================================================
Received Import Request.
  Time since last request: 0.000188 seconds.
  path: Assets/Animation/Run (1).png
  artifactKey: Guid(9544767f3ac4ea94ab6386f166731d8f) Importer(815301076,1909f56bfc062723c751e8b465ee728b)
Start importing Assets/Animation/Run (1).png using Guid(9544767f3ac4ea94ab6386f166731d8f) Importer(815301076,1909f56bfc062723c751e8b465ee728b)  -> (artifact id: '89dfa93e7526eb5d8a19edb941bf9305') in 0.011802 seconds 
  Import took 0.014527 seconds .

========================================================================
Received Import Request.
  Time since last request: 0.000185 seconds.
  path: Assets/Animation/Walk (3).png
  artifactKey: Guid(427589e958834634298144c16118cdc6) Importer(815301076,1909f56bfc062723c751e8b465ee728b)
Start importing Assets/Animation/Walk (3).png using Guid(427589e958834634298144c16118cdc6) Importer(815301076,1909f56bfc062723c751e8b465ee728b)  -> (artifact id: 'a0cc8f93fcda350d68970f6b0121761a') in 0.012164 seconds 
  Import took 0.014982 seconds .

========================================================================
Received Import Request.
  Time since last request: 0.000178 seconds.
  path: Assets/Animation/Run (2).png
  artifactKey: Guid(ca3506963f9fe504586d1a486533a1cc) Importer(815301076,1909f56bfc062723c751e8b465ee728b)
Start importing Assets/Animation/Run (2).png using Guid(ca3506963f9fe504586d1a486533a1cc) Importer(815301076,1909f56bfc062723c751e8b465ee728b)  -> (artifact id: 'd5260893aeeded718ac22a0f1e4bc35c') in 0.011310 seconds 
  Import took 0.014153 seconds .

========================================================================
Received Import Request.
  Time since last request: 0.000182 seconds.
  path: Assets/Animation/Slide (6).png
  artifactKey: Guid(3355ccd1d6202a84693c5d739aacc9df) Importer(815301076,1909f56bfc062723c751e8b465ee728b)
Start importing Assets/Animation/Slide (6).png using Guid(3355ccd1d6202a84693c5d739aacc9df) Importer(815301076,1909f56bfc062723c751e8b465ee728b)  -> (artifact id: 'b2ce1987ff065649d91cff415176d297') in 0.011007 seconds 
  Import took 0.013745 seconds .

========================================================================
Received Import Request.
  Time since last request: 0.000183 seconds.
  path: Assets/Animation/Dead (9).png
  artifactKey: Guid(f71848854defcf641a62026e02a15868) Importer(815301076,1909f56bfc062723c751e8b465ee728b)
Start importing Assets/Animation/Dead (9).png using Guid(f71848854defcf641a62026e02a15868) Importer(815301076,1909f56bfc062723c751e8b465ee728b)  -> (artifact id: 'c55b9ee7296cab2bf4dbfb2c30ea256c') in 0.011360 seconds 
  Import took 0.014141 seconds .

========================================================================
Received Import Request.
  Time since last request: 0.000182 seconds.
  path: Assets/Animation/Walk (10).png
  artifactKey: Guid(226cb3d5d9448134dae584b911ea84d0) Importer(815301076,1909f56bfc062723c751e8b465ee728b)
Start importing Assets/Animation/Walk (10).png using Guid(226cb3d5d9448134dae584b911ea84d0) Importer(815301076,1909f56bfc062723c751e8b465ee728b)  -> (artifact id: 'e1fce7a04195714fa2de351c83572bc8') in 0.011598 seconds 
  Import took 0.014357 seconds .

========================================================================
Received Import Request.
  Time since last request: 0.000175 seconds.
  path: Assets/Animation/Fall (1).png
  artifactKey: Guid(04aa6aab62c1ada4ea027a00e9a0282d) Importer(815301076,1909f56bfc062723c751e8b465ee728b)
Start importing Assets/Animation/Fall (1).png using Guid(04aa6aab62c1ada4ea027a00e9a0282d) Importer(815301076,1909f56bfc062723c751e8b465ee728b)  -> (artifact id: '7daf951a1eabffbdb81443ccdeffd470') in 0.011557 seconds 
  Import took 0.014298 seconds .

========================================================================
Received Import Request.
  Time since last request: 0.000172 seconds.
  path: Assets/Animation/Idle (7).png
  artifactKey: Guid(1be5abb5ca608f74d9ca3592ee9ca7ae) Importer(815301076,1909f56bfc062723c751e8b465ee728b)
Start importing Assets/Animation/Idle (7).png using Guid(1be5abb5ca608f74d9ca3592ee9ca7ae) Importer(815301076,1909f56bfc062723c751e8b465ee728b)  -> (artifact id: 'bf35cfa110f0738cdf864c6d1ed51fe6') in 0.011222 seconds 
  Import took 0.013990 seconds .

========================================================================
Received Import Request.
  Time since last request: 0.000168 seconds.
  path: Assets/Animation/Slide (5).png
  artifactKey: Guid(393455d4a142ad8479509aa159d2d6c7) Importer(815301076,1909f56bfc062723c751e8b465ee728b)
Start importing Assets/Animation/Slide (5).png using Guid(393455d4a142ad8479509aa159d2d6c7) Importer(815301076,1909f56bfc062723c751e8b465ee728b)  -> (artifact id: '47dfc7eceb2b8263403a67b67c99db66') in 0.011081 seconds 
  Import took 0.013818 seconds .

========================================================================
Received Import Request.
  Time since last request: 0.000177 seconds.
  path: Assets/Animation/Fall (4).png
  artifactKey: Guid(f8c231e5475c65d4d94e546b3f99a393) Importer(815301076,1909f56bfc062723c751e8b465ee728b)
Start importing Assets/Animation/Fall (4).png using Guid(f8c231e5475c65d4d94e546b3f99a393) Importer(815301076,1909f56bfc062723c751e8b465ee728b)  -> (artifact id: '53f3858e29b275e875a6130f541af0c4') in 0.011119 seconds 
  Import took 0.013809 seconds .

========================================================================
Received Import Request.
  Time since last request: 0.000169 seconds.
  path: Assets/Animation/Slide (1).png
  artifactKey: Guid(6d6eee81d4461974abd8d1e3cfba5ee7) Importer(815301076,1909f56bfc062723c751e8b465ee728b)
Start importing Assets/Animation/Slide (1).png using Guid(6d6eee81d4461974abd8d1e3cfba5ee7) Importer(815301076,1909f56bfc062723c751e8b465ee728b)  -> (artifact id: '54df114947b2bcb5b328f975768e5dd4') in 0.011210 seconds 
  Import took 0.014003 seconds .

========================================================================
Received Import Request.
  Time since last request: 0.000184 seconds.
  path: Assets/Animation/Jump (5).png
  artifactKey: Guid(f8b87b2e9c4a80c4394f20cf56fb3654) Importer(815301076,1909f56bfc062723c751e8b465ee728b)
Start importing Assets/Animation/Jump (5).png using Guid(f8b87b2e9c4a80c4394f20cf56fb3654) Importer(815301076,1909f56bfc062723c751e8b465ee728b)  -> (artifact id: '376de943ab434d4973f15ca648b2e0f6') in 0.011825 seconds 
  Import took 0.014555 seconds .

========================================================================
Received Import Request.
  Time since last request: 0.000189 seconds.
  path: Assets/Animation/Slide (4).png
  artifactKey: Guid(54f4a8f77d8661a4e8af087f3131cfa1) Importer(815301076,1909f56bfc062723c751e8b465ee728b)
Start importing Assets/Animation/Slide (4).png using Guid(54f4a8f77d8661a4e8af087f3131cfa1) Importer(815301076,1909f56bfc062723c751e8b465ee728b)  -> (artifact id: '9407795b96ea33a72ef4c6c10d300016') in 0.011369 seconds 
  Import took 0.014188 seconds .

========================================================================
Received Import Request.
  Time since last request: 0.000198 seconds.
  path: Assets/Animation/Fall (5).png
  artifactKey: Guid(4b448f0ea4616f347aea4c67b0b14d98) Importer(815301076,1909f56bfc062723c751e8b465ee728b)
Start importing Assets/Animation/Fall (5).png using Guid(4b448f0ea4616f347aea4c67b0b14d98) Importer(815301076,1909f56bfc062723c751e8b465ee728b)  -> (artifact id: '54f93354b111de4e1b61110558318e78') in 0.060846 seconds 
  Import took 0.063600 seconds .

========================================================================
Received Import Request.
  Time since last request: 0.000178 seconds.
  path: Assets/Animation/Dead (2).png
  artifactKey: Guid(2c0934deb2d5d8e42958946de962dbfe) Importer(815301076,1909f56bfc062723c751e8b465ee728b)
Start importing Assets/Animation/Dead (2).png using Guid(2c0934deb2d5d8e42958946de962dbfe) Importer(815301076,1909f56bfc062723c751e8b465ee728b)  -> (artifact id: 'b207a5be02fdd202a993da51e4949e31') in 0.011375 seconds 
  Import took 0.014085 seconds .

========================================================================
Received Import Request.
  Time since last request: 0.000173 seconds.
  path: Assets/Animation/Run (7).png
  artifactKey: Guid(80d8434b440429e44a9f2115d5635157) Importer(815301076,1909f56bfc062723c751e8b465ee728b)
Start importing Assets/Animation/Run (7).png using Guid(80d8434b440429e44a9f2115d5635157) Importer(815301076,1909f56bfc062723c751e8b465ee728b)  -> (artifact id: 'b89519ddd26970bd169b83533d6ca314') in 0.010793 seconds 
  Import took 0.013438 seconds .

========================================================================
Received Import Request.
  Time since last request: 0.000180 seconds.
  path: Assets/Animation/Dead (8).png
  artifactKey: Guid(d0454768731aeee44b78f267a8237215) Importer(815301076,1909f56bfc062723c751e8b465ee728b)
Start importing Assets/Animation/Dead (8).png using Guid(d0454768731aeee44b78f267a8237215) Importer(815301076,1909f56bfc062723c751e8b465ee728b)  -> (artifact id: '9bbbe985e58e80f036d458eef73577fb') in 0.010861 seconds 
  Import took 0.013540 seconds .

========================================================================
Received Import Request.
  Time since last request: 0.000164 seconds.
  path: Assets/Animation/Fall (7).png
  artifactKey: Guid(d7d2df44e62b15d4d84f832199b117e8) Importer(815301076,1909f56bfc062723c751e8b465ee728b)
Start importing Assets/Animation/Fall (7).png using Guid(d7d2df44e62b15d4d84f832199b117e8) Importer(815301076,1909f56bfc062723c751e8b465ee728b)  -> (artifact id: 'b6ccd270bc641b65806c8f5b49445c35') in 0.010025 seconds 
  Import took 0.012620 seconds .

========================================================================
Received Import Request.
  Time since last request: 0.000157 seconds.
  path: Assets/Animation/Dead (5).png
  artifactKey: Guid(3dbd55adf7cef23478d7c21d7a34ba99) Importer(815301076,1909f56bfc062723c751e8b465ee728b)
Start importing Assets/Animation/Dead (5).png using Guid(3dbd55adf7cef23478d7c21d7a34ba99) Importer(815301076,1909f56bfc062723c751e8b465ee728b)  -> (artifact id: '404f99bcdd07e3f07c241126dde9be28') in 0.011729 seconds 
  Import took 0.014457 seconds .

========================================================================
Received Import Request.
  Time since last request: 0.000176 seconds.
  path: Assets/Animation/Walk (4).png
  artifactKey: Guid(3e9e00a7ad44c084595c09274aff8398) Importer(815301076,1909f56bfc062723c751e8b465ee728b)
Start importing Assets/Animation/Walk (4).png using Guid(3e9e00a7ad44c084595c09274aff8398) Importer(815301076,1909f56bfc062723c751e8b465ee728b)  -> (artifact id: 'cc6bc5a7934375029b721414ab57f0eb') in 0.011167 seconds 
  Import took 0.014034 seconds .

========================================================================
Received Import Request.
  Time since last request: 0.000184 seconds.
  path: Assets/Animation/Hurt (7).png
  artifactKey: Guid(02aae2a676a90994980312ec8934b72c) Importer(815301076,1909f56bfc062723c751e8b465ee728b)
Start importing Assets/Animation/Hurt (7).png using Guid(02aae2a676a90994980312ec8934b72c) Importer(815301076,1909f56bfc062723c751e8b465ee728b)  -> (artifact id: 'cda368d5a18b96c8bd409ac60c9f89a7') in 0.011481 seconds 
  Import took 0.014269 seconds .

========================================================================
Received Import Request.
  Time since last request: 0.000180 seconds.
  path: Assets/Animation/Hurt (10).png
  artifactKey: Guid(566f20acd355bdb489fbbcc86caa739f) Importer(815301076,1909f56bfc062723c751e8b465ee728b)
Start importing Assets/Animation/Hurt (10).png using Guid(566f20acd355bdb489fbbcc86caa739f) Importer(815301076,1909f56bfc062723c751e8b465ee728b)  -> (artifact id: '830fcb8af2a756d193b12c5e89b47470') in 0.011207 seconds 
  Import took 0.013933 seconds .

========================================================================
Received Import Request.
  Time since last request: 0.000182 seconds.
  path: Assets/Animation/Dead (10).png
  artifactKey: Guid(de166bf3c81dc714f9ffd64e7fa9a765) Importer(815301076,1909f56bfc062723c751e8b465ee728b)
Start importing Assets/Animation/Dead (10).png using Guid(de166bf3c81dc714f9ffd64e7fa9a765) Importer(815301076,1909f56bfc062723c751e8b465ee728b)  -> (artifact id: 'ef176a26f13ecafb99d9b6312319cba1') in 0.011226 seconds 
  Import took 0.014003 seconds .

========================================================================
Received Import Request.
  Time since last request: 0.000160 seconds.
  path: Assets/Animation/Fall (6).png
  artifactKey: Guid(d3fd32035d283134d8bf6f7a38507594) Importer(815301076,1909f56bfc062723c751e8b465ee728b)
Start importing Assets/Animation/Fall (6).png using Guid(d3fd32035d283134d8bf6f7a38507594) Importer(815301076,1909f56bfc062723c751e8b465ee728b)  -> (artifact id: 'b1b27ba7b603802d9d83d36eba5de6cc') in 0.011383 seconds 
  Import took 0.014139 seconds .

========================================================================
Received Import Request.
  Time since last request: 0.000176 seconds.
  path: Assets/Animation/Slide (10).png
  artifactKey: Guid(b643160b700a5544f85832da0d099d3e) Importer(815301076,1909f56bfc062723c751e8b465ee728b)
Start importing Assets/Animation/Slide (10).png using Guid(b643160b700a5544f85832da0d099d3e) Importer(815301076,1909f56bfc062723c751e8b465ee728b)  -> (artifact id: '98960d77a4ae1a3b87159c2a3f72fa1f') in 0.011770 seconds 
  Import took 0.014527 seconds .

========================================================================
Received Import Request.
  Time since last request: 0.000167 seconds.
  path: Assets/Animation/Jump (8).png
  artifactKey: Guid(4b531ae32394a2041b78853117767f65) Importer(815301076,1909f56bfc062723c751e8b465ee728b)
Start importing Assets/Animation/Jump (8).png using Guid(4b531ae32394a2041b78853117767f65) Importer(815301076,1909f56bfc062723c751e8b465ee728b)  -> (artifact id: '5f6b32c80163cca0ba325de8176b68cb') in 0.011147 seconds 
  Import took 0.013871 seconds .

========================================================================
Received Import Request.
  Time since last request: 0.000174 seconds.
  path: Assets/Animation/Idle (1).png
  artifactKey: Guid(77c323766c64441499216867ca1087d2) Importer(815301076,1909f56bfc062723c751e8b465ee728b)
Start importing Assets/Animation/Idle (1).png using Guid(77c323766c64441499216867ca1087d2) Importer(815301076,1909f56bfc062723c751e8b465ee728b)  -> (artifact id: '9cf00c03cfdc6c17ea62ca2b4fa2445f') in 0.011046 seconds 
  Import took 0.013763 seconds .

========================================================================
Received Import Request.
  Time since last request: 0.000184 seconds.
  path: Assets/Animation/Idle (4).png
  artifactKey: Guid(48c85e0ce1bbfdc4a86cba073aec5fc8) Importer(815301076,1909f56bfc062723c751e8b465ee728b)
Start importing Assets/Animation/Idle (4).png using Guid(48c85e0ce1bbfdc4a86cba073aec5fc8) Importer(815301076,1909f56bfc062723c751e8b465ee728b)  -> (artifact id: '128444914d7c3403894d72bf2cd5deba') in 0.011426 seconds 
  Import took 0.014261 seconds .

========================================================================
Received Import Request.
  Time since last request: 0.000164 seconds.
  path: Assets/Animation/Idle (3).png
  artifactKey: Guid(e99edd2bc0930a04db1ab9d684922bd0) Importer(815301076,1909f56bfc062723c751e8b465ee728b)
Start importing Assets/Animation/Idle (3).png using Guid(e99edd2bc0930a04db1ab9d684922bd0) Importer(815301076,1909f56bfc062723c751e8b465ee728b)  -> (artifact id: 'f48773af713fb11eeb15b7b23549ef62') in 0.011377 seconds 
  Import took 0.014298 seconds .

========================================================================
Received Import Request.
  Time since last request: 0.000174 seconds.
  path: Assets/Animation/Walk (6).png
  artifactKey: Guid(b5e167355b6d59b4697237f34ae2566d) Importer(815301076,1909f56bfc062723c751e8b465ee728b)
Start importing Assets/Animation/Walk (6).png using Guid(b5e167355b6d59b4697237f34ae2566d) Importer(815301076,1909f56bfc062723c751e8b465ee728b)  -> (artifact id: '309b34bb60903cdf1b13b806852c5c52') in 0.011771 seconds 
  Import took 0.014658 seconds .

========================================================================
Received Import Request.
  Time since last request: 0.000169 seconds.
  path: Assets/Animation/Hurt (4).png
  artifactKey: Guid(ef62bea1d624ef2469052faf3a91290e) Importer(815301076,1909f56bfc062723c751e8b465ee728b)
Start importing Assets/Animation/Hurt (4).png using Guid(ef62bea1d624ef2469052faf3a91290e) Importer(815301076,1909f56bfc062723c751e8b465ee728b)  -> (artifact id: '715093a6d4dd09d7a38da807063e3438') in 0.011483 seconds 
  Import took 0.014283 seconds .

========================================================================
Received Import Request.
  Time since last request: 0.000174 seconds.
  path: Assets/Animation/Hurt (6).png
  artifactKey: Guid(ecc0f8f27e9eac14382611496178ea33) Importer(815301076,1909f56bfc062723c751e8b465ee728b)
Start importing Assets/Animation/Hurt (6).png using Guid(ecc0f8f27e9eac14382611496178ea33) Importer(815301076,1909f56bfc062723c751e8b465ee728b)  -> (artifact id: 'c52225724d183e8e60b798b9877a7113') in 0.011501 seconds 
  Import took 0.014253 seconds .

========================================================================
Received Import Request.
  Time since last request: 0.000181 seconds.
  path: Assets/Animation/Hurt (3).png
  artifactKey: Guid(3a8373af639b50943acc993685c8e43a) Importer(815301076,1909f56bfc062723c751e8b465ee728b)
Start importing Assets/Animation/Hurt (3).png using Guid(3a8373af639b50943acc993685c8e43a) Importer(815301076,1909f56bfc062723c751e8b465ee728b)  -> (artifact id: '34135d980da3551523158a9df71e19aa') in 0.012532 seconds 
  Import took 0.015275 seconds .

========================================================================
Received Import Request.
  Time since last request: 0.000176 seconds.
  path: Assets/Animation/Idle (5).png
  artifactKey: Guid(3d61481bb8a57414ebfdc8dddbcb293d) Importer(815301076,1909f56bfc062723c751e8b465ee728b)
Start importing Assets/Animation/Idle (5).png using Guid(3d61481bb8a57414ebfdc8dddbcb293d) Importer(815301076,1909f56bfc062723c751e8b465ee728b)  -> (artifact id: '73ea89f6fcbc6ec7a76f959ae8d63448') in 0.011788 seconds 
  Import took 0.014592 seconds .

========================================================================
Received Import Request.
  Time since last request: 0.000174 seconds.
  path: Assets/Animation/Walk (1).png
  artifactKey: Guid(81a8e62e95605454aaae05dcfde9cf9e) Importer(815301076,1909f56bfc062723c751e8b465ee728b)
Start importing Assets/Animation/Walk (1).png using Guid(81a8e62e95605454aaae05dcfde9cf9e) Importer(815301076,1909f56bfc062723c751e8b465ee728b)  -> (artifact id: 'ff4a2be74b5e87780888a8e0cc0be55b') in 0.011593 seconds 
  Import took 0.014446 seconds .

========================================================================
Received Import Request.
  Time since last request: 0.000173 seconds.
  path: Assets/Animation/Run (6).png
  artifactKey: Guid(23228c7830d14434d8b26f7f024e4f75) Importer(815301076,1909f56bfc062723c751e8b465ee728b)
Start importing Assets/Animation/Run (6).png using Guid(23228c7830d14434d8b26f7f024e4f75) Importer(815301076,1909f56bfc062723c751e8b465ee728b)  -> (artifact id: '1ec1b2933968f1549f45ee4557f3066e') in 0.011213 seconds 
  Import took 0.014068 seconds .

========================================================================
Received Import Request.
  Time since last request: 0.000178 seconds.
  path: Assets/Animation/Run (5).png
  artifactKey: Guid(ac1241b1fef4cbf49aafd9829d812004) Importer(815301076,1909f56bfc062723c751e8b465ee728b)
Start importing Assets/Animation/Run (5).png using Guid(ac1241b1fef4cbf49aafd9829d812004) Importer(815301076,1909f56bfc062723c751e8b465ee728b)  -> (artifact id: '9ded3833b0fc94412790067d88162bf8') in 0.011333 seconds 
  Import took 0.014134 seconds .

========================================================================
Received Import Request.
  Time since last request: 0.000183 seconds.
  path: Assets/Animation/Fall (2).png
  artifactKey: Guid(38af938330795314a8584061b43b165e) Importer(815301076,1909f56bfc062723c751e8b465ee728b)
Start importing Assets/Animation/Fall (2).png using Guid(38af938330795314a8584061b43b165e) Importer(815301076,1909f56bfc062723c751e8b465ee728b)  -> (artifact id: '47474e6a09ee9edd48b3c678b2a89096') in 0.010958 seconds 
  Import took 0.013707 seconds .

========================================================================
Received Import Request.
  Time since last request: 0.000170 seconds.
  path: Assets/Animation/Idle (2).png
  artifactKey: Guid(0d24861aa6f5e2540970dd14420892bb) Importer(815301076,1909f56bfc062723c751e8b465ee728b)
Start importing Assets/Animation/Idle (2).png using Guid(0d24861aa6f5e2540970dd14420892bb) Importer(815301076,1909f56bfc062723c751e8b465ee728b)  -> (artifact id: '700b7c1f556fe7a48850f1f6120f19c0') in 0.010833 seconds 
  Import took 0.013619 seconds .

========================================================================
Received Import Request.
  Time since last request: 0.000175 seconds.
  path: Assets/Animation/Run (8).png
  artifactKey: Guid(608353c91e1d5e941aa328bc1443b0b5) Importer(815301076,1909f56bfc062723c751e8b465ee728b)
Start importing Assets/Animation/Run (8).png using Guid(608353c91e1d5e941aa328bc1443b0b5) Importer(815301076,1909f56bfc062723c751e8b465ee728b)  -> (artifact id: '14846ec53f5437071f154b4455750940') in 0.015042 seconds 
  Import took 0.017798 seconds .

========================================================================
Received Import Request.
  Time since last request: 0.000182 seconds.
  path: Assets/Animation/Dead (3).png
  artifactKey: Guid(5eac5d4f136be2a4e8cd56a2f657b847) Importer(815301076,1909f56bfc062723c751e8b465ee728b)
Start importing Assets/Animation/Dead (3).png using Guid(5eac5d4f136be2a4e8cd56a2f657b847) Importer(815301076,1909f56bfc062723c751e8b465ee728b)  -> (artifact id: '21a6811aaa8213aab0e733c78765fbe4') in 0.010685 seconds 
  Import took 0.013488 seconds .

========================================================================
Received Import Request.
  Time since last request: 92.646954 seconds.
  path: Assets/Animation
  artifactKey: Guid(226fe0d6cd94e73438fee5a51ba05f15) Importer(815301076,1909f56bfc062723c751e8b465ee728b)
Start importing Assets/Animation using Guid(226fe0d6cd94e73438fee5a51ba05f15) Importer(815301076,1909f56bfc062723c751e8b465ee728b)  -> (artifact id: 'fafa3689d8436baf7d3e958d5e1584bf') in 0.002393 seconds 
  Import took 0.005862 seconds .

========================================================================
Received Import Request.
  Time since last request: 747.425530 seconds.
  path: Assets/Sprits
  artifactKey: Guid(03d93d610a96ea048a0693947f555e23) Importer(815301076,1909f56bfc062723c751e8b465ee728b)
Start importing Assets/Sprits using Guid(03d93d610a96ea048a0693947f555e23) Importer(815301076,1909f56bfc062723c751e8b465ee728b)  -> (artifact id: '3b83a78c9f5bcbc816fd067a119461f7') in 0.005245 seconds 
  Import took 0.008630 seconds .

========================================================================
Received Prepare
Registering precompiled user dll's ...
Registered in 0.003314 seconds.
Begin MonoManager ReloadAssembly
Native extension for WindowsStandalone target not found
Refreshing native plugins compatible for Editor in 0.53 ms, found 3 plugins.
Preloading 0 native plugins for Editor in 0.00 ms.
Mono: successfully reloaded assembly
- Completed reload, in  0.866 seconds
Domain Reload Profiling:
	ReloadAssembly (867ms)
		BeginReloadAssembly (102ms)
			ExecutionOrderSort (0ms)
			DisableScriptedObjects (5ms)
			BackupInstance (0ms)
			ReleaseScriptingObjects (0ms)
			CreateAndSetChildDomain (32ms)
		EndReloadAssembly (712ms)
			LoadAssemblies (74ms)
			RebuildTransferFunctionScriptingTraits (0ms)
			SetupTypeCache (231ms)
			ReleaseScriptCaches (1ms)
			RebuildScriptCaches (36ms)
			SetupLoadedEditorAssemblies (290ms)
				LogAssemblyErrors (0ms)
				InitializePlatformSupportModulesInManaged (4ms)
				SetLoadedEditorAssemblies (0ms)
				RefreshPlugins (1ms)
				BeforeProcessingInitializeOnLoad (71ms)
				ProcessInitializeOnLoadAttributes (204ms)
				ProcessInitializeOnLoadMethodAttributes (4ms)
				AfterProcessingInitializeOnLoad (6ms)
				EditorAssembliesLoaded (0ms)
			ExecutionOrderSort2 (0ms)
			AwakeInstancesAfterBackupRestoration (8ms)
Platform modules already initialized, skipping
Refreshing native plugins compatible for Editor in 0.42 ms, found 3 plugins.
Preloading 0 native plugins for Editor in 0.00 ms.
Unloading 2082 Unused Serialized files (Serialized files now loaded: 0)
System memory in use before: 95.5 MB.
System memory in use after: 95.6 MB.

Unloading 16 unused Assets to reduce memory usage. Loaded Objects now: 2540.
Total: 3.312900 ms (FindLiveObjects: 0.242100 ms CreateObjectMapping: 0.052600 ms MarkObjects: 2.994000 ms  DeleteObjects: 0.022900 ms)

AssetImportParameters requested are different than current active one (requested -> active):
  custom:framework-win-MediaFoundation: 216162199b28c13a410421893ffa2e32 -> 
  custom:video-decoder-ogg-theora: a1e56fd34408186e4bbccfd4996cb3dc -> 
  custom:container-muxer-webm: aa71ff27fc2769a1b78a27578f13a17b -> 
  custom:container-demuxer-webm: 4f35f7cbe854078d1ac9338744f61a02 -> 
  custom:container-demuxer-ogg: 62fdf1f143b41e24485cea50d1cbac27 -> 
  custom:video-encoder-webm-vp8: eb34c28f22e8b96e1ab97ce403110664 -> 
  custom:video-decoder-webm-vp8: 9c59270c3fd7afecdb556c50c9e8de78 -> 
  custom:audio-decoder-ogg-vorbis: bf7c407c2cedff20999df2af8eb42d56 -> 
  custom:audio-encoder-webm-vorbis: bf7c407c2cedff20999df2af8eb42d56 -> 
========================================================================
Received Prepare
Registering precompiled user dll's ...
Registered in 0.003240 seconds.
Begin MonoManager ReloadAssembly
Native extension for WindowsStandalone target not found
Refreshing native plugins compatible for Editor in 0.54 ms, found 3 plugins.
Preloading 0 native plugins for Editor in 0.00 ms.
Mono: successfully reloaded assembly
- Completed reload, in  0.854 seconds
Domain Reload Profiling:
	ReloadAssembly (854ms)
		BeginReloadAssembly (105ms)
			ExecutionOrderSort (0ms)
			DisableScriptedObjects (5ms)
			BackupInstance (0ms)
			ReleaseScriptingObjects (0ms)
			CreateAndSetChildDomain (32ms)
		EndReloadAssembly (698ms)
			LoadAssemblies (73ms)
			RebuildTransferFunctionScriptingTraits (0ms)
			SetupTypeCache (220ms)
			ReleaseScriptCaches (1ms)
			RebuildScriptCaches (34ms)
			SetupLoadedEditorAssemblies (291ms)
				LogAssemblyErrors (0ms)
				InitializePlatformSupportModulesInManaged (4ms)
				SetLoadedEditorAssemblies (0ms)
				RefreshPlugins (1ms)
				BeforeProcessingInitializeOnLoad (72ms)
				ProcessInitializeOnLoadAttributes (204ms)
				ProcessInitializeOnLoadMethodAttributes (5ms)
				AfterProcessingInitializeOnLoad (6ms)
				EditorAssembliesLoaded (0ms)
			ExecutionOrderSort2 (0ms)
			AwakeInstancesAfterBackupRestoration (8ms)
Platform modules already initialized, skipping
Refreshing native plugins compatible for Editor in 0.42 ms, found 3 plugins.
Preloading 0 native plugins for Editor in 0.00 ms.
Unloading 2082 Unused Serialized files (Serialized files now loaded: 0)
System memory in use before: 95.6 MB.
System memory in use after: 95.7 MB.

Unloading 16 unused Assets to reduce memory usage. Loaded Objects now: 2543.
Total: 3.082500 ms (FindLiveObjects: 0.213100 ms CreateObjectMapping: 0.046400 ms MarkObjects: 2.799700 ms  DeleteObjects: 0.022400 ms)

AssetImportParameters requested are different than current active one (requested -> active):
  custom:framework-win-MediaFoundation: 216162199b28c13a410421893ffa2e32 -> 
  custom:video-decoder-ogg-theora: a1e56fd34408186e4bbccfd4996cb3dc -> 
  custom:container-muxer-webm: aa71ff27fc2769a1b78a27578f13a17b -> 
  custom:container-demuxer-webm: 4f35f7cbe854078d1ac9338744f61a02 -> 
  custom:container-demuxer-ogg: 62fdf1f143b41e24485cea50d1cbac27 -> 
  custom:video-encoder-webm-vp8: eb34c28f22e8b96e1ab97ce403110664 -> 
  custom:video-decoder-webm-vp8: 9c59270c3fd7afecdb556c50c9e8de78 -> 
  custom:audio-decoder-ogg-vorbis: bf7c407c2cedff20999df2af8eb42d56 -> 
  custom:audio-encoder-webm-vorbis: bf7c407c2cedff20999df2af8eb42d56 -> 
========================================================================
Received Prepare
Registering precompiled user dll's ...
Registered in 0.002988 seconds.
Begin MonoManager ReloadAssembly
Native extension for WindowsStandalone target not found
Refreshing native plugins compatible for Editor in 0.53 ms, found 3 plugins.
Preloading 0 native plugins for Editor in 0.00 ms.
Mono: successfully reloaded assembly
- Completed reload, in  0.842 seconds
Domain Reload Profiling:
	ReloadAssembly (843ms)
		BeginReloadAssembly (96ms)
			ExecutionOrderSort (0ms)
			DisableScriptedObjects (6ms)
			BackupInstance (0ms)
			ReleaseScriptingObjects (0ms)
			CreateAndSetChildDomain (31ms)
		EndReloadAssembly (693ms)
			LoadAssemblies (73ms)
			RebuildTransferFunctionScriptingTraits (0ms)
			SetupTypeCache (221ms)
			ReleaseScriptCaches (1ms)
			RebuildScriptCaches (34ms)
			SetupLoadedEditorAssemblies (284ms)
				LogAssemblyErrors (0ms)
				InitializePlatformSupportModulesInManaged (4ms)
				SetLoadedEditorAssemblies (0ms)
				RefreshPlugins (1ms)
				BeforeProcessingInitializeOnLoad (69ms)
				ProcessInitializeOnLoadAttributes (200ms)
				ProcessInitializeOnLoadMethodAttributes (4ms)
				AfterProcessingInitializeOnLoad (6ms)
				EditorAssembliesLoaded (0ms)
			ExecutionOrderSort2 (0ms)
			AwakeInstancesAfterBackupRestoration (8ms)
Platform modules already initialized, skipping
Refreshing native plugins compatible for Editor in 0.34 ms, found 3 plugins.
Preloading 0 native plugins for Editor in 0.00 ms.
Unloading 2082 Unused Serialized files (Serialized files now loaded: 0)
System memory in use before: 95.6 MB.
System memory in use after: 95.7 MB.

Unloading 16 unused Assets to reduce memory usage. Loaded Objects now: 2546.
Total: 3.054100 ms (FindLiveObjects: 0.211900 ms CreateObjectMapping: 0.045600 ms MarkObjects: 2.774700 ms  DeleteObjects: 0.021000 ms)

AssetImportParameters requested are different than current active one (requested -> active):
  custom:framework-win-MediaFoundation: 216162199b28c13a410421893ffa2e32 -> 
  custom:video-decoder-ogg-theora: a1e56fd34408186e4bbccfd4996cb3dc -> 
  custom:container-muxer-webm: aa71ff27fc2769a1b78a27578f13a17b -> 
  custom:container-demuxer-webm: 4f35f7cbe854078d1ac9338744f61a02 -> 
  custom:container-demuxer-ogg: 62fdf1f143b41e24485cea50d1cbac27 -> 
  custom:video-encoder-webm-vp8: eb34c28f22e8b96e1ab97ce403110664 -> 
  custom:video-decoder-webm-vp8: 9c59270c3fd7afecdb556c50c9e8de78 -> 
  custom:audio-decoder-ogg-vorbis: bf7c407c2cedff20999df2af8eb42d56 -> 
  custom:audio-encoder-webm-vorbis: bf7c407c2cedff20999df2af8eb42d56 -> 
AssetImportWorkerClient::OnTransportError - code=2 error=End of file
